2024-02-05 14:00:00 web-server-02 INFO: Normal traffic from 198.51.100.25
2024-02-05 14:05:00 web-server-02 WARNING: Unusual HTTP request pattern detected
2024-02-05 14:05:15 web-server-02 CRITICAL: Remote code execution vulnerability exploited: CVE-2024-1234
2024-02-05 14:05:30 edr-02 ALERT: Unauthorized process spawned: /tmp/.hidden/xmrig
2024-02-05 14:05:45 web-server-02 ERROR: Unknown binary executing from /tmp directory
2024-02-05 14:06:00 web-server-02 CRITICAL: High CPU usage detected: 98% utilization
2024-02-05 14:06:15 ids-02 ALERT: Connection to known cryptomining pool: pool.minexmr.com:4444
2024-02-05 14:06:30 firewall-02 WARNING: Outbound connection to 185.71.65.238 on port 4444
2024-02-05 14:06:45 web-server-02 ERROR: Process attempting to modify system crontab
2024-02-05 14:07:00 web-server-02 CRITICAL: Persistence mechanism created: /etc/cron.d/system-update
2024-02-05 14:07:15 web-server-02 WARNING: iptables firewall rules modified
2024-02-05 14:07:30 monitoring-01 ALERT: CPU temperature spike on web-server-02: 85°C
2024-02-05 14:08:00 web-server-02 ERROR: Kernel module loaded: xmr_hide.ko
2024-02-05 14:08:15 ids-02 ALERT: Stratum protocol detected: mining activity confirmed
2024-02-05 14:08:30 web-server-02 CRITICAL: Process hiding detected: rootkit behavior
2024-02-05 14:09:00 web-server-02 WARNING: System log tampering attempt
2024-02-05 14:09:15 web-server-02 ERROR: File created: /usr/lib/systemd/system/kworker.service
2024-02-05 14:09:30 web-server-02 CRITICAL: Malicious systemd service registered
2024-02-05 14:10:00 monitoring-01 ERROR: Sustained high CPU usage for 5 minutes
2024-02-05 14:10:15 network-monitor-01 ALERT: Unusual network pattern to cryptocurrency pool
2024-02-05 14:10:30 web-server-03 WARNING: Similar suspicious activity detected
2024-02-05 14:10:45 web-server-03 CRITICAL: Cryptominer binary detected: /tmp/.hidden/xmrig
2024-02-05 14:11:00 web-server-04 CRITICAL: Lateral movement detected: SSH from web-server-02
2024-02-05 14:11:15 web-server-04 ERROR: Unauthorized SSH key added to authorized_keys
2024-02-05 14:11:30 web-server-04 CRITICAL: Cryptominer deployed on web-server-04
2024-02-05 14:12:00 firewall-02 CRITICAL: Multiple servers connecting to mining pool
2024-02-05 14:12:15 ids-02 ALERT: Botnet command and control traffic detected
2024-02-05 14:12:30 web-server-05 CRITICAL: Worm propagation detected across subnet
2024-02-05 14:13:00 monitoring-01 CRITICAL: Cluster-wide performance degradation
2024-02-05 14:13:15 soc-analyst-01 CRITICAL: Cryptomining outbreak detected: 5 servers compromised
2024-02-05 14:13:30 backup-server-01 WARNING: Connection attempt from web-server-02
2024-02-05 14:14:00 database-02 WARNING: Unusual authentication attempt from web-server-02
2024-02-05 14:14:15 edr-02 ALERT: Multiple indicators of compromise detected
2024-02-05 14:15:00 siem-02 CRITICAL: Coordinated cryptojacking campaign across infrastructure
