2024-02-05 08:00:00 web-server-01 INFO: Service started successfully
2024-02-05 08:00:15 database-01 INFO: Database connection established
2024-02-05 08:05:30 web-server-01 INFO: User alice logged in from 192.168.1.50
2024-02-05 08:10:45 web-server-01 INFO: Page request: /dashboard from 192.168.1.50
2024-02-05 08:15:20 database-01 INFO: Query executed successfully: SELECT * FROM users WHERE id=123
2024-02-05 08:20:00 backup-server-01 INFO: Scheduled backup started
2024-02-05 08:25:10 web-server-01 INFO: User bob logged in from 192.168.1.75
2024-02-05 08:30:00 load-balancer-01 INFO: Health check passed for all backend servers
2024-02-05 08:35:45 web-server-01 INFO: Static content served: /assets/logo.png
2024-02-05 08:40:00 database-01 INFO: Database maintenance task completed
2024-02-05 08:45:30 email-server-01 INFO: Outbound email sent to customer@example.com
2024-02-05 08:50:00 web-server-01 INFO: Session expired for user alice
2024-02-05 08:55:15 firewall-01 INFO: Routine firewall rule update applied
2024-02-05 09:00:00 monitoring-01 INFO: System health check: All services operational
2024-02-05 09:05:20 web-server-01 INFO: User charlie logged in from 192.168.1.88
2024-02-05 09:10:00 cache-server-01 INFO: Cache hit ratio: 95.3%
2024-02-05 09:15:45 database-01 INFO: Slow query logged: execution time 2.5s (within threshold)
2024-02-05 09:20:00 backup-server-01 INFO: Scheduled backup completed successfully
2024-02-05 09:25:30 web-server-01 INFO: API request: GET /api/v1/users from 192.168.1.50
2024-02-05 09:30:00 dns-server-01 INFO: DNS query resolved: example.com
2024-02-05 09:35:15 web-server-01 INFO: User bob logged out
2024-02-05 09:40:00 patch-server-01 INFO: Security patches checked: system up to date
2024-02-05 09:45:30 database-01 INFO: Connection pool size: 25/100
2024-02-05 09:50:00 web-server-01 INFO: File uploaded: document.pdf by user charlie
2024-02-05 09:55:20 load-balancer-01 INFO: Traffic distribution: server-01: 45%, server-02: 55%
2024-02-05 10:00:00 monitoring-01 INFO: CPU usage: 35%, Memory: 60%, Disk: 45%
2024-02-05 10:05:45 web-server-01 INFO: User alice logged in from 192.168.1.50
2024-02-05 10:10:00 email-server-01 INFO: Inbound email received from partner@company.com
2024-02-05 10:15:30 web-server-01 INFO: Form submitted: contact form
2024-02-05 10:20:00 database-01 INFO: Automated report generated successfully
2024-02-05 10:25:15 cache-server-01 INFO: Cache cleanup completed: 150 expired entries removed
2024-02-05 10:30:00 backup-server-01 INFO: Incremental backup started
2024-02-05 10:35:45 web-server-01 INFO: User session refreshed for charlie
2024-02-05 10:40:00 monitoring-01 INFO: Network bandwidth usage: 250 Mbps (normal)
2024-02-05 10:45:20 web-server-01 INFO: API request: POST /api/v1/orders from 192.168.1.75
2024-02-05 10:50:00 database-01 INFO: Transaction committed: order_id=4567
2024-02-05 10:55:30 load-balancer-01 INFO: No backend server issues detected
2024-02-05 11:00:00 monitoring-01 INFO: Hourly system report: All metrics within normal range
